[     342ms] [INFO] %cDownload the React DevTools for a better development experience: https://react.dev/link/react-devtools font-weight:bold @ http://localhost:3000/_next/static/chunks/node_modules_next_dist_1ybzpk2._.js:2477
[     373ms] [LOG] [HMR] connected @ http://localhost:3000/_next/static/chunks/node_modules_next_dist_1ybzpk2._.js:2477
[     505ms] [LOG] [Fast Refresh] rebuilding @ http://localhost:3000/_next/static/chunks/node_modules_next_dist_1ybzpk2._.js:2477
[     611ms] [LOG] [Fast Refresh] done in 214ms @ http://localhost:3000/_next/static/chunks/node_modules_next_dist_1ybzpk2._.js:2477
[   52829ms] [INFO] %cDownload the React DevTools for a better development experience: https://react.dev/link/react-devtools font-weight:bold @ http://localhost:3000/_next/static/chunks/node_modules_next_dist_1ybzpk2._.js:2477
[   52858ms] [LOG] [HMR] connected @ http://localhost:3000/_next/static/chunks/node_modules_next_dist_1ybzpk2._.js:2477
[   52888ms] [WARNING] You have Reduced Motion enabled on your device. Animations may not appear as expected.. For more information and steps for solving, visit https://motion.dev/troubleshooting/reduced-motion-disabled @ http://localhost:3000/_next/static/chunks/node_modules_next_dist_1ybzpk2._.js:2477
[   53012ms] [LOG] [Fast Refresh] rebuilding @ http://localhost:3000/_next/static/chunks/node_modules_next_dist_1ybzpk2._.js:2477
[   53083ms] [LOG] [Fast Refresh] done in 172ms @ http://localhost:3000/_next/static/chunks/node_modules_next_dist_1ybzpk2._.js:2477
[   54841ms] [INFO] %cDownload the React DevTools for a better development experience: https://react.dev/link/react-devtools font-weight:bold @ http://localhost:3000/_next/static/chunks/node_modules_next_dist_1ybzpk2._.js:2477
[   54863ms] [LOG] [HMR] connected @ http://localhost:3000/_next/static/chunks/node_modules_next_dist_1ybzpk2._.js:2477
[  727791ms] [LOG] [Fast Refresh] rebuilding @ http://localhost:3000/_next/static/chunks/node_modules_next_dist_1ybzpk2._.js:2477
[  728080ms] [LOG] [Fast Refresh] done in 329ms @ http://localhost:3000/_next/static/chunks/node_modules_next_dist_1ybzpk2._.js:2477
[  749136ms] [LOG] [Fast Refresh] rebuilding @ http://localhost:3000/_next/static/chunks/node_modules_next_dist_1ybzpk2._.js:2477
[  749150ms] [LOG] [Fast Refresh] done in 115ms @ http://localhost:3000/_next/static/chunks/node_modules_next_dist_1ybzpk2._.js:2477
[  749455ms] [INFO] %cDownload the React DevTools for a better development experience: https://react.dev/link/react-devtools font-weight:bold @ http://localhost:3000/_next/static/chunks/node_modules_next_dist_1ybzpk2._.js:2477
[  749539ms] [LOG] [HMR] connected @ http://localhost:3000/_next/static/chunks/node_modules_next_dist_1ybzpk2._.js:2477
[  870735ms] [LOG] [Fast Refresh] rebuilding @ http://localhost:3000/_next/static/chunks/node_modules_next_dist_1ybzpk2._.js:2477
[  870812ms] [LOG] [Fast Refresh] done in 152ms @ http://localhost:3000/_next/static/chunks/node_modules_next_dist_1ybzpk2._.js:2477
[  880783ms] [LOG] [Fast Refresh] rebuilding @ http://localhost:3000/_next/static/chunks/node_modules_next_dist_1ybzpk2._.js:2477
[  880807ms] [LOG] [Fast Refresh] done in 111ms @ http://localhost:3000/_next/static/chunks/node_modules_next_dist_1ybzpk2._.js:2477
[  903800ms] [INFO] %cDownload the React DevTools for a better development experience: https://react.dev/link/react-devtools font-weight:bold @ http://localhost:3000/_next/static/chunks/node_modules_next_dist_1ybzpk2._.js:2477
[  903860ms] [LOG] [HMR] connected @ http://localhost:3000/_next/static/chunks/node_modules_next_dist_1ybzpk2._.js:2477
[  927055ms] [LOG] [Fast Refresh] rebuilding @ http://localhost:3000/_next/static/chunks/node_modules_next_dist_1ybzpk2._.js:2477
[  927085ms] [LOG] [Fast Refresh] done in 131ms @ http://localhost:3000/_next/static/chunks/node_modules_next_dist_1ybzpk2._.js:2477
[ 1104327ms] [INFO] %cDownload the React DevTools for a better development experience: https://react.dev/link/react-devtools font-weight:bold @ http://localhost:3000/_next/static/chunks/node_modules_next_dist_1ybzpk2._.js:2477
[ 1104373ms] [LOG] [HMR] connected @ http://localhost:3000/_next/static/chunks/node_modules_next_dist_1ybzpk2._.js:2477
[ 1291258ms] [LOG] [Fast Refresh] rebuilding @ http://localhost:3000/_next/static/chunks/node_modules_next_dist_1ybzpk2._.js:2477
[ 1291422ms] [LOG] [Fast Refresh] done in 200ms @ http://localhost:3000/_next/static/chunks/node_modules_next_dist_1ybzpk2._.js:2477
[ 1309411ms] [INFO] %cDownload the React DevTools for a better development experience: https://react.dev/link/react-devtools font-weight:bold @ http://localhost:3000/_next/static/chunks/node_modules_next_dist_1ybzpk2._.js:2477
[ 1309447ms] [LOG] [HMR] connected @ http://localhost:3000/_next/static/chunks/node_modules_next_dist_1ybzpk2._.js:2477
[ 1311557ms] [INFO] %cDownload the React DevTools for a better development experience: https://react.dev/link/react-devtools font-weight:bold @ http://localhost:3000/_next/static/chunks/node_modules_next_dist_1ybzpk2._.js:2477
[ 1311576ms] [LOG] [HMR] connected @ http://localhost:3000/_next/static/chunks/node_modules_next_dist_1ybzpk2._.js:2477
[ 1837793ms] [LOG] [Fast Refresh] rebuilding @ http://localhost:3000/_next/static/chunks/node_modules_next_dist_1ybzpk2._.js:2477
[ 1838432ms] [LOG] [Fast Refresh] done in 649ms @ http://localhost:3000/_next/static/chunks/node_modules_next_dist_1ybzpk2._.js:2477
[ 1846541ms] [LOG] [Fast Refresh] rebuilding @ http://localhost:3000/_next/static/chunks/node_modules_next_dist_1ybzpk2._.js:2477
[ 1846724ms] [LOG] [Fast Refresh] done in 237ms @ http://localhost:3000/_next/static/chunks/node_modules_next_dist_1ybzpk2._.js:2477
[ 1846834ms] [LOG] [Fast Refresh] rebuilding @ http://localhost:3000/_next/static/chunks/node_modules_next_dist_1ybzpk2._.js:2477
[ 1846842ms] [LOG] [Fast Refresh] done in 110ms @ http://localhost:3000/_next/static/chunks/node_modules_next_dist_1ybzpk2._.js:2477
[ 1883597ms] [INFO] %cDownload the React DevTools for a better development experience: https://react.dev/link/react-devtools font-weight:bold @ http://localhost:3000/_next/static/chunks/node_modules_next_dist_1ybzpk2._.js:2477
[ 1883640ms] [LOG] [HMR] connected @ http://localhost:3000/_next/static/chunks/node_modules_next_dist_1ybzpk2._.js:2477
[ 1886937ms] [INFO] %cDownload the React DevTools for a better development experience: https://react.dev/link/react-devtools font-weight:bold @ http://localhost:3000/_next/static/chunks/node_modules_next_dist_1ybzpk2._.js:2477
[ 1886952ms] [LOG] [HMR] connected @ http://localhost:3000/_next/static/chunks/node_modules_next_dist_1ybzpk2._.js:2477
[ 1886980ms] [WARNING] You have Reduced Motion enabled on your device. Animations may not appear as expected.. For more information and steps for solving, visit https://motion.dev/troubleshooting/reduced-motion-disabled @ http://localhost:3000/_next/static/chunks/node_modules_next_dist_1ybzpk2._.js:2477
[ 1887109ms] [LOG] [Fast Refresh] rebuilding @ http://localhost:3000/_next/static/chunks/node_modules_next_dist_1ybzpk2._.js:2477
[ 1887211ms] [LOG] [Fast Refresh] done in 203ms @ http://localhost:3000/_next/static/chunks/node_modules_next_dist_1ybzpk2._.js:2477
[ 1907606ms] [INFO] %cDownload the React DevTools for a better development experience: https://react.dev/link/react-devtools font-weight:bold @ http://localhost:3000/_next/static/chunks/node_modules_next_dist_1ybzpk2._.js:2477
[ 1907644ms] [LOG] [HMR] connected @ http://localhost:3000/_next/static/chunks/node_modules_next_dist_1ybzpk2._.js:2477
[ 1935133ms] [LOG] [Fast Refresh] rebuilding @ http://localhost:3000/_next/static/chunks/node_modules_next_dist_1ybzpk2._.js:2477
[ 1935260ms] [LOG] [Fast Refresh] done in 205ms @ http://localhost:3000/_next/static/chunks/node_modules_next_dist_1ybzpk2._.js:2477
[ 1956721ms] [INFO] %cDownload the React DevTools for a better development experience: https://react.dev/link/react-devtools font-weight:bold @ http://localhost:3000/_next/static/chunks/node_modules_next_dist_1ybzpk2._.js:2477
[ 1956768ms] [LOG] [HMR] connected @ http://localhost:3000/_next/static/chunks/node_modules_next_dist_1ybzpk2._.js:2477
[ 1973973ms] [INFO] %cDownload the React DevTools for a better development experience: https://react.dev/link/react-devtools font-weight:bold @ http://localhost:3000/_next/static/chunks/node_modules_next_dist_1ybzpk2._.js:2477
[ 1974011ms] [LOG] [HMR] connected @ http://localhost:3000/_next/static/chunks/node_modules_next_dist_1ybzpk2._.js:2477
[ 1977308ms] [LOG] [Fast Refresh] rebuilding @ http://localhost:3000/_next/static/chunks/node_modules_next_dist_1ybzpk2._.js:2477
[ 1977339ms] [LOG] [Fast Refresh] done in 131ms @ http://localhost:3000/_next/static/chunks/node_modules_next_dist_1ybzpk2._.js:2477
[ 1977519ms] [INFO] %cDownload the React DevTools for a better development experience: https://react.dev/link/react-devtools font-weight:bold @ http://localhost:3000/_next/static/chunks/node_modules_next_dist_1ybzpk2._.js:2477
[ 1977556ms] [LOG] [HMR] connected @ http://localhost:3000/_next/static/chunks/node_modules_next_dist_1ybzpk2._.js:2477
[ 1977723ms] [WARNING] You have Reduced Motion enabled on your device. Animations may not appear as expected.. For more information and steps for solving, visit https://motion.dev/troubleshooting/reduced-motion-disabled @ http://localhost:3000/_next/static/chunks/node_modules_next_dist_1ybzpk2._.js:2477
[ 2016363ms] [INFO] %cDownload the React DevTools for a better development experience: https://react.dev/link/react-devtools font-weight:bold @ http://localhost:3000/_next/static/chunks/node_modules_next_dist_1ybzpk2._.js:2477
[ 2016390ms] [LOG] [HMR] connected @ http://localhost:3000/_next/static/chunks/node_modules_next_dist_1ybzpk2._.js:2477
[ 2064466ms] [LOG] [Fast Refresh] rebuilding @ http://localhost:3000/_next/static/chunks/node_modules_next_dist_1ybzpk2._.js:2477
[ 2064614ms] [LOG] [Fast Refresh] done in 250ms @ http://localhost:3000/_next/static/chunks/node_modules_next_dist_1ybzpk2._.js:2477
[ 2665800ms] [LOG] [Fast Refresh] rebuilding @ http://localhost:3000/_next/static/chunks/node_modules_next_dist_1ybzpk2._.js:2477
[ 2666909ms] [LOG] [Fast Refresh] done in 1180ms @ http://localhost:3000/_next/static/chunks/node_modules_next_dist_1ybzpk2._.js:2477
[ 2667014ms] [LOG] [Fast Refresh] rebuilding @ http://localhost:3000/_next/static/chunks/node_modules_next_dist_1ybzpk2._.js:2477
[ 2667510ms] [LOG] [Fast Refresh] done in 596ms @ http://localhost:3000/_next/static/chunks/node_modules_next_dist_1ybzpk2._.js:2477
[ 2688145ms] [LOG] [Fast Refresh] rebuilding @ http://localhost:3000/_next/static/chunks/node_modules_next_dist_1ybzpk2._.js:2477
[ 2688601ms] [LOG] [Fast Refresh] done in 538ms @ http://localhost:3000/_next/static/chunks/node_modules_next_dist_1ybzpk2._.js:2477
[ 2688743ms] [LOG] [Fast Refresh] rebuilding @ http://localhost:3000/_next/static/chunks/node_modules_next_dist_1ybzpk2._.js:2477
[ 2689282ms] [LOG] [Fast Refresh] done in 639ms @ http://localhost:3000/_next/static/chunks/node_modules_next_dist_1ybzpk2._.js:2477
[ 2696646ms] [LOG] [Fast Refresh] rebuilding @ http://localhost:3000/_next/static/chunks/node_modules_next_dist_1ybzpk2._.js:2477
[ 2697112ms] [LOG] [Fast Refresh] done in 544ms @ http://localhost:3000/_next/static/chunks/node_modules_next_dist_1ybzpk2._.js:2477
[ 2697229ms] [LOG] [Fast Refresh] rebuilding @ http://localhost:3000/_next/static/chunks/node_modules_next_dist_1ybzpk2._.js:2477
[ 2697530ms] [LOG] [Fast Refresh] done in 403ms @ http://localhost:3000/_next/static/chunks/node_modules_next_dist_1ybzpk2._.js:2477
[ 2697764ms] [LOG] [Fast Refresh] rebuilding @ http://localhost:3000/_next/static/chunks/node_modules_next_dist_1ybzpk2._.js:2477
[ 2697821ms] [LOG] [Fast Refresh] done in 158ms @ http://localhost:3000/_next/static/chunks/node_modules_next_dist_1ybzpk2._.js:2477
[ 2711435ms] [LOG] [Fast Refresh] rebuilding @ http://localhost:3000/_next/static/chunks/node_modules_next_dist_1ybzpk2._.js:2477
[ 2711841ms] [LOG] [Fast Refresh] done in 244ms @ http://localhost:3000/_next/static/chunks/node_modules_next_dist_1ybzpk2._.js:2477
[ 2724947ms] [LOG] [Fast Refresh] rebuilding @ http://localhost:3000/_next/static/chunks/node_modules_next_dist_1ybzpk2._.js:2477
[ 2725362ms] [ERROR] ./src/lib/actions/application.ts:11:1
Export sendApplicantConfirmationEmail doesn't exist in target module
   9 |   allAreasValue,
  10 | } from "@/lib/locations";
> 11 | import {
     | ^^^^^^^
> 12 |   sendApplicationEmail,
     | ^^^^^^^^^^^^^^^^^^^^^^^
> 13 |   sendApplicantConfirmationEmail,
     | ^^^^^^^^^^^^^^^^^^^^^^^^^^^^^^^^^
> 14 | } from "@/lib/email";
     | ^^^^^^^^^^^^^^^^^^^^^
  15 |
  16 | export type ApplicationInput = {
  17 |   business: string;

The export sendApplicantConfirmationEmail was not found in module [project]/src/lib/email.ts [app-rsc] (ecmascript).
Did you mean to import sendApplicationEmail?
All exports of the module are statically known (It doesn't have dynamic exports). So it's known statically that the requested export doesn't exist. @ http://localhost:3000/_next/static/chunks/node_modules_next_dist_1ybzpk2._.js:3318
[ 2725543ms] [LOG] [Fast Refresh] rebuilding @ http://localhost:3000/_next/static/chunks/node_modules_next_dist_1ybzpk2._.js:2477
[ 2725884ms] [ERROR] ./src/lib/actions/application.ts:11:1
Export sendApplicantConfirmationEmail doesn't exist in target module
   9 |   allAreasValue,
  10 | } from "@/lib/locations";
> 11 | import {
     | ^^^^^^^
> 12 |   sendApplicationEmail,
     | ^^^^^^^^^^^^^^^^^^^^^^^
> 13 |   sendApplicantConfirmationEmail,
     | ^^^^^^^^^^^^^^^^^^^^^^^^^^^^^^^^^
> 14 | } from "@/lib/email";
     | ^^^^^^^^^^^^^^^^^^^^^
  15 |
  16 | export type ApplicationInput = {
  17 |   business: string;

The export sendApplicantConfirmationEmail was not found in module [project]/src/lib/email.ts [app-rsc] (ecmascript).
Did you mean to import sendApplicationEmail?
All exports of the module are statically known (It doesn't have dynamic exports). So it's known statically that the requested export doesn't exist. @ http://localhost:3000/_next/static/chunks/node_modules_next_dist_1ybzpk2._.js:3318
[ 2726015ms] [LOG] [Fast Refresh] rebuilding @ http://localhost:3000/_next/static/chunks/node_modules_next_dist_1ybzpk2._.js:2477
[ 2726190ms] [ERROR] ./src/lib/actions/application.ts:11:1
Export sendApplicantConfirmationEmail doesn't exist in target module
   9 |   allAreasValue,
  10 | } from "@/lib/locations";
> 11 | import {
     | ^^^^^^^
> 12 |   sendApplicationEmail,
     | ^^^^^^^^^^^^^^^^^^^^^^^
> 13 |   sendApplicantConfirmationEmail,
     | ^^^^^^^^^^^^^^^^^^^^^^^^^^^^^^^^^
> 14 | } from "@/lib/email";
     | ^^^^^^^^^^^^^^^^^^^^^
  15 |
  16 | export type ApplicationInput = {
  17 |   business: string;

The export sendApplicantConfirmationEmail was not found in module [project]/src/lib/email.ts [app-rsc] (ecmascript).
Did you mean to import sendApplicationEmail?
All exports of the module are statically known (It doesn't have dynamic exports). So it's known statically that the requested export doesn't exist. @ http://localhost:3000/_next/static/chunks/node_modules_next_dist_1ybzpk2._.js:3318
[ 2726198ms] [ERROR] Failed to load resource: the server responded with a status of 500 (Internal Server Error) @ http://localhost:3000/?_rsc=q3mOO9BClNZHexY7:0
[ 2726363ms] [ERROR] ./src/lib/actions/application.ts:11:1
Export sendApplicantConfirmationEmail doesn't exist in target module
   9 |   allAreasValue,
  10 | } from "@/lib/locations";
> 11 | import {
     | ^^^^^^^
> 12 |   sendApplicationEmail,
     | ^^^^^^^^^^^^^^^^^^^^^^^
> 13 |   sendApplicantConfirmationEmail,
     | ^^^^^^^^^^^^^^^^^^^^^^^^^^^^^^^^^
> 14 | } from "@/lib/email";
     | ^^^^^^^^^^^^^^^^^^^^^
  15 |
  16 | export type ApplicationInput = {
  17 |   business: string;

The export sendApplicantConfirmationEmail was not found in module [project]/src/lib/email.ts [app-rsc] (ecmascript).
Did you mean to import sendApplicationEmail?
All exports of the module are statically known (It doesn't have dynamic exports). So it's known statically that the requested export doesn't exist. @ http://localhost:3000/_next/static/chunks/node_modules_next_dist_1ybzpk2._.js:3318
[ 2726373ms] [LOG] [Fast Refresh] rebuilding @ http://localhost:3000/_next/static/chunks/node_modules_next_dist_1ybzpk2._.js:2477
[ 2726533ms] [ERROR] ./src/lib/actions/application.ts:11:1
Export sendApplicantConfirmationEmail doesn't exist in target module
   9 |   allAreasValue,
  10 | } from "@/lib/locations";
> 11 | import {
     | ^^^^^^^
> 12 |   sendApplicationEmail,
     | ^^^^^^^^^^^^^^^^^^^^^^^
> 13 |   sendApplicantConfirmationEmail,
     | ^^^^^^^^^^^^^^^^^^^^^^^^^^^^^^^^^
> 14 | } from "@/lib/email";
     | ^^^^^^^^^^^^^^^^^^^^^
  15 |
  16 | export type ApplicationInput = {
  17 |   business: string;

The export sendApplicantConfirmationEmail was not found in module [project]/src/lib/email.ts [app-rsc] (ecmascript).
Did you mean to import sendApplicationEmail?
All exports of the module are statically known (It doesn't have dynamic exports). So it's known statically that the requested export doesn't exist. @ http://localhost:3000/_next/static/chunks/node_modules_next_dist_1ybzpk2._.js:3318
[ 2726565ms] [ERROR] Failed to load resource: the server responded with a status of 500 (Internal Server Error) @ http://localhost:3000/?_rsc=q3mOO9BClNZHexY7:0
[ 2726632ms] [ERROR] ./src/lib/actions/application.ts:11:1
Export sendApplicantConfirmationEmail doesn't exist in target module
   9 |   allAreasValue,
  10 | } from "@/lib/locations";
> 11 | import {
     | ^^^^^^^
> 12 |   sendApplicationEmail,
     | ^^^^^^^^^^^^^^^^^^^^^^^
> 13 |   sendApplicantConfirmationEmail,
     | ^^^^^^^^^^^^^^^^^^^^^^^^^^^^^^^^^
> 14 | } from "@/lib/email";
     | ^^^^^^^^^^^^^^^^^^^^^
  15 |
  16 | export type ApplicationInput = {
  17 |   business: string;

The export sendApplicantConfirmationEmail was not found in module [project]/src/lib/email.ts [app-rsc] (ecmascript).
Did you mean to import sendApplicationEmail?
All exports of the module are statically known (It doesn't have dynamic exports). So it's known statically that the requested export doesn't exist. @ http://localhost:3000/_next/static/chunks/node_modules_next_dist_1ybzpk2._.js:3318
[ 2726670ms] [ERROR] Failed to load resource: the server responded with a status of 500 (Internal Server Error) @ http://localhost:3000/:0
[ 2727139ms] [INFO] %cDownload the React DevTools for a better development experience: https://react.dev/link/react-devtools font-weight:bold @ http://localhost:3000/_next/static/chunks/node_modules_react-dom_0kla17-._.js:15305
[ 2727223ms] Error: ./src/lib/actions/application.ts:11:1
Export sendApplicantConfirmationEmail doesn't exist in target module
   9 |   allAreasValue,
  10 | } from "@/lib/locations";
> 11 | import {
     | ^^^^^^^
> 12 |   sendApplicationEmail,
     | ^^^^^^^^^^^^^^^^^^^^^^^
> 13 |   sendApplicantConfirmationEmail,
     | ^^^^^^^^^^^^^^^^^^^^^^^^^^^^^^^^^
> 14 | } from "@/lib/email";
     | ^^^^^^^^^^^^^^^^^^^^^
  15 |
  16 | export type ApplicationInput = {
  17 |   business: string;

The export sendApplicantConfirmationEmail was not found in module [project]/src/lib/email.ts [app-rsc] (ecmascript).
Did you mean to import sendApplicationEmail?
All exports of the module are statically known (It doesn't have dynamic exports). So it's known statically that the requested export doesn't exist.


    at <unknown> (Error: ./src/lib/actions/application.ts:11:1)
    at Object.getCompilationErrors (file:///Users/martincasey/Projects/hitchd/node_modules/next/dist/server/dev/hot-reloader-turbopack.js:1186:59)
    at DevBundlerService.getCompilationError (file:///Users/martincasey/Projects/hitchd/node_modules/next/dist/server/lib/dev-bundler-service.js:44:55)
    at DevServer.getCompilationError (file:///Users/martincasey/Projects/hitchd/node_modules/next/dist/server/dev/next-dev-server.js:720:42)
    at DevServer.findPageComponents (file:///Users/martincasey/Projects/hitchd/node_modules/next/dist/server/dev/next-dev-server.js:690:43)
    at async DevServer.renderErrorToResponseImpl (file:///Users/martincasey/Projects/hitchd/node_modules/next/dist/server/base-server.js:1753:26)
[ 2727231ms] [LOG] [HMR] connected @ http://localhost:3000/_next/static/chunks/node_modules_next_dist_1gdrd03._.js:1226
[ 2727322ms] [ERROR] ./src/lib/actions/application.ts:11:1
Export sendApplicantConfirmationEmail doesn't exist in target module
   9 |   allAreasValue,
  10 | } from "@/lib/locations";
> 11 | import {
     | ^^^^^^^
> 12 |   sendApplicationEmail,
     | ^^^^^^^^^^^^^^^^^^^^^^^
> 13 |   sendApplicantConfirmationEmail,
     | ^^^^^^^^^^^^^^^^^^^^^^^^^^^^^^^^^
> 14 | } from "@/lib/email";
     | ^^^^^^^^^^^^^^^^^^^^^
  15 |
  16 | export type ApplicationInput = {
  17 |   business: string;

The export sendApplicantConfirmationEmail was not found in module [project]/src/lib/email.ts [app-rsc] (ecmascript).
Did you mean to import sendApplicationEmail?
All exports of the module are statically known (It doesn't have dynamic exports). So it's known statically that the requested export doesn't exist. @ http://localhost:3000/_next/static/chunks/node_modules_next_dist_1gdrd03._.js:1945
[ 2727331ms] [ERROR] ./src/lib/actions/application.ts:11:1
Export sendApplicantConfirmationEmail doesn't exist in target module
   9 |   allAreasValue,
  10 | } from "@/lib/locations";
> 11 | import {
     | ^^^^^^^
> 12 |   sendApplicationEmail,
     | ^^^^^^^^^^^^^^^^^^^^^^^
> 13 |   sendApplicantConfirmationEmail,
     | ^^^^^^^^^^^^^^^^^^^^^^^^^^^^^^^^^
> 14 | } from "@/lib/email";
     | ^^^^^^^^^^^^^^^^^^^^^
  15 |
  16 | export type ApplicationInput = {
  17 |   business: string;

The export sendApplicantConfirmationEmail was not found in module [project]/src/lib/email.ts [app-rsc] (ecmascript).
Did you mean to import sendApplicationEmail?
All exports of the module are statically known (It doesn't have dynamic exports). So it's known statically that the requested export doesn't exist. @ http://localhost:3000/_next/static/chunks/node_modules_next_dist_1gdrd03._.js:1945
[ 2727430ms] [LOG] [Fast Refresh] rebuilding @ http://localhost:3000/_next/static/chunks/node_modules_next_dist_1gdrd03._.js:1226
[ 2727724ms] [ERROR] ./src/lib/actions/application.ts:11:1
Export sendApplicantConfirmationEmail doesn't exist in target module
   9 |   allAreasValue,
  10 | } from "@/lib/locations";
> 11 | import {
     | ^^^^^^^
> 12 |   sendApplicationEmail,
     | ^^^^^^^^^^^^^^^^^^^^^^^
> 13 |   sendApplicantConfirmationEmail,
     | ^^^^^^^^^^^^^^^^^^^^^^^^^^^^^^^^^
> 14 | } from "@/lib/email";
     | ^^^^^^^^^^^^^^^^^^^^^
  15 |
  16 | export type ApplicationInput = {
  17 |   business: string;

The export sendApplicantConfirmationEmail was not found in module [project]/src/lib/email.ts [app-rsc] (ecmascript).
Did you mean to import sendApplicationEmail?
All exports of the module are statically known (It doesn't have dynamic exports). So it's known statically that the requested export doesn't exist. @ http://localhost:3000/_next/static/chunks/node_modules_next_dist_1gdrd03._.js:1945
[ 2727865ms] [ERROR] ./src/lib/actions/application.ts:11:1
Export sendApplicantConfirmationEmail doesn't exist in target module
   9 |   allAreasValue,
  10 | } from "@/lib/locations";
> 11 | import {
     | ^^^^^^^
> 12 |   sendApplicationEmail,
     | ^^^^^^^^^^^^^^^^^^^^^^^
> 13 |   sendApplicantConfirmationEmail,
     | ^^^^^^^^^^^^^^^^^^^^^^^^^^^^^^^^^
> 14 | } from "@/lib/email";
     | ^^^^^^^^^^^^^^^^^^^^^
  15 |
  16 | export type ApplicationInput = {
  17 |   business: string;

The export sendApplicantConfirmationEmail was not found in module [project]/src/lib/email.ts [app-rsc] (ecmascript).
Did you mean to import sendApplicationEmail?
All exports of the module are statically known (It doesn't have dynamic exports). So it's known statically that the requested export doesn't exist. @ http://localhost:3000/_next/static/chunks/node_modules_next_dist_1gdrd03._.js:1945
[ 2727908ms] [LOG] [Fast Refresh] rebuilding @ http://localhost:3000/_next/static/chunks/node_modules_next_dist_1gdrd03._.js:1226
[ 2737257ms] [LOG] [Fast Refresh] rebuilding @ http://localhost:3000/_next/static/chunks/node_modules_next_dist_1gdrd03._.js:1226
[ 2737358ms] [ERROR] ./src/lib/actions/application.ts:11:1
Export sendApplicantConfirmationEmail doesn't exist in target module
   9 |   allAreasValue,
  10 | } from "@/lib/locations";
> 11 | import {
     | ^^^^^^^
> 12 |   sendApplicationEmail,
     | ^^^^^^^^^^^^^^^^^^^^^^^
> 13 |   sendApplicantConfirmationEmail,
     | ^^^^^^^^^^^^^^^^^^^^^^^^^^^^^^^^^
> 14 | } from "@/lib/email";
     | ^^^^^^^^^^^^^^^^^^^^^
  15 |
  16 | export type ApplicationInput = {
  17 |   business: string;

The export sendApplicantConfirmationEmail was not found in module [project]/src/lib/email.ts [app-rsc] (ecmascript).
Did you mean to import sendApplicationEmail?
All exports of the module are statically known (It doesn't have dynamic exports). So it's known statically that the requested export doesn't exist. @ http://localhost:3000/_next/static/chunks/node_modules_next_dist_1gdrd03._.js:1945
[ 2746629ms] [LOG] [Fast Refresh] rebuilding @ http://localhost:3000/_next/static/chunks/node_modules_next_dist_1gdrd03._.js:1226
[ 2746656ms] [ERROR] ./src/lib/actions/application.ts:11:1
Export sendApplicantConfirmationEmail doesn't exist in target module
   9 |   allAreasValue,
  10 | } from "@/lib/locations";
> 11 | import {
     | ^^^^^^^
> 12 |   sendApplicationEmail,
     | ^^^^^^^^^^^^^^^^^^^^^^^
> 13 |   sendApplicantConfirmationEmail,
     | ^^^^^^^^^^^^^^^^^^^^^^^^^^^^^^^^^
> 14 | } from "@/lib/email";
     | ^^^^^^^^^^^^^^^^^^^^^
  15 |
  16 | export type ApplicationInput = {
  17 |   business: string;

The export sendApplicantConfirmationEmail was not found in module [project]/src/lib/email.ts [app-rsc] (ecmascript).
Did you mean to import sendApplicationEmail?
All exports of the module are statically known (It doesn't have dynamic exports). So it's known statically that the requested export doesn't exist. @ http://localhost:3000/_next/static/chunks/node_modules_next_dist_1gdrd03._.js:1945
[ 2746930ms] [ERROR] ./src/lib/actions/application.ts:11:1
Export sendApplicantConfirmationEmail doesn't exist in target module
   9 |   allAreasValue,
  10 | } from "@/lib/locations";
> 11 | import {
     | ^^^^^^^
> 12 |   sendApplicationEmail,
     | ^^^^^^^^^^^^^^^^^^^^^^^
> 13 |   sendApplicantConfirmationEmail,
     | ^^^^^^^^^^^^^^^^^^^^^^^^^^^^^^^^^
> 14 | } from "@/lib/email";
     | ^^^^^^^^^^^^^^^^^^^^^
  15 |
  16 | export type ApplicationInput = {
  17 |   business: string;

The export sendApplicantConfirmationEmail was not found in module [project]/src/lib/email.ts [app-rsc] (ecmascript).
Did you mean to import sendApplicationEmail?
All exports of the module are statically known (It doesn't have dynamic exports). So it's known statically that the requested export doesn't exist. @ http://localhost:3000/_next/static/chunks/node_modules_next_dist_1gdrd03._.js:1945
[ 2746954ms] [LOG] [Fast Refresh] rebuilding @ http://localhost:3000/_next/static/chunks/node_modules_next_dist_1gdrd03._.js:1226
[ 2747110ms] [ERROR] Failed to load resource: the server responded with a status of 500 (Internal Server Error) @ http://localhost:3000/:0
[ 2747296ms] [INFO] %cDownload the React DevTools for a better development experience: https://react.dev/link/react-devtools font-weight:bold @ http://localhost:3000/_next/static/chunks/node_modules_react-dom_0kla17-._.js:15305
[ 2747343ms] Error: ./src/lib/actions/application.ts:11:1
Export sendApplicantConfirmationEmail doesn't exist in target module
   9 |   allAreasValue,
  10 | } from "@/lib/locations";
> 11 | import {
     | ^^^^^^^
> 12 |   sendApplicationEmail,
     | ^^^^^^^^^^^^^^^^^^^^^^^
> 13 |   sendApplicantConfirmationEmail,
     | ^^^^^^^^^^^^^^^^^^^^^^^^^^^^^^^^^
> 14 | } from "@/lib/email";
     | ^^^^^^^^^^^^^^^^^^^^^
  15 |
  16 | export type ApplicationInput = {
  17 |   business: string;

The export sendApplicantConfirmationEmail was not found in module [project]/src/lib/email.ts [app-rsc] (ecmascript).
Did you mean to import sendApplicationEmail?
All exports of the module are statically known (It doesn't have dynamic exports). So it's known statically that the requested export doesn't exist.


    at <unknown> (Error: ./src/lib/actions/application.ts:11:1)
    at Object.getCompilationErrors (file:///Users/martincasey/Projects/hitchd/node_modules/next/dist/server/dev/hot-reloader-turbopack.js:1186:59)
    at DevBundlerService.getCompilationError (file:///Users/martincasey/Projects/hitchd/node_modules/next/dist/server/lib/dev-bundler-service.js:44:55)
    at DevServer.getCompilationError (file:///Users/martincasey/Projects/hitchd/node_modules/next/dist/server/dev/next-dev-server.js:720:42)
    at DevServer.findPageComponents (file:///Users/martincasey/Projects/hitchd/node_modules/next/dist/server/dev/next-dev-server.js:690:43)
    at async DevServer.renderErrorToResponseImpl (file:///Users/martincasey/Projects/hitchd/node_modules/next/dist/server/base-server.js:1753:26)
[ 2747422ms] [LOG] [HMR] connected @ http://localhost:3000/_next/static/chunks/node_modules_next_dist_1gdrd03._.js:1226
[ 2747425ms] [ERROR] ./src/lib/actions/application.ts:11:1
Export sendApplicantConfirmationEmail doesn't exist in target module
   9 |   allAreasValue,
  10 | } from "@/lib/locations";
> 11 | import {
     | ^^^^^^^
> 12 |   sendApplicationEmail,
     | ^^^^^^^^^^^^^^^^^^^^^^^
> 13 |   sendApplicantConfirmationEmail,
     | ^^^^^^^^^^^^^^^^^^^^^^^^^^^^^^^^^
> 14 | } from "@/lib/email";
     | ^^^^^^^^^^^^^^^^^^^^^
  15 |
  16 | export type ApplicationInput = {
  17 |   business: string;

The export sendApplicantConfirmationEmail was not found in module [project]/src/lib/email.ts [app-rsc] (ecmascript).
Did you mean to import sendApplicationEmail?
All exports of the module are statically known (It doesn't have dynamic exports). So it's known statically that the requested export doesn't exist. @ http://localhost:3000/_next/static/chunks/node_modules_next_dist_1gdrd03._.js:1945
[ 2747447ms] [ERROR] ./src/lib/actions/application.ts:11:1
Export sendApplicantConfirmationEmail doesn't exist in target module
   9 |   allAreasValue,
  10 | } from "@/lib/locations";
> 11 | import {
     | ^^^^^^^
> 12 |   sendApplicationEmail,
     | ^^^^^^^^^^^^^^^^^^^^^^^
> 13 |   sendApplicantConfirmationEmail,
     | ^^^^^^^^^^^^^^^^^^^^^^^^^^^^^^^^^
> 14 | } from "@/lib/email";
     | ^^^^^^^^^^^^^^^^^^^^^
  15 |
  16 | export type ApplicationInput = {
  17 |   business: string;

The export sendApplicantConfirmationEmail was not found in module [project]/src/lib/email.ts [app-rsc] (ecmascript).
Did you mean to import sendApplicationEmail?
All exports of the module are statically known (It doesn't have dynamic exports). So it's known statically that the requested export doesn't exist. @ http://localhost:3000/_next/static/chunks/node_modules_next_dist_1gdrd03._.js:1945
[ 2747537ms] [ERROR] ./src/lib/actions/application.ts:11:1
Export sendApplicantConfirmationEmail doesn't exist in target module
   9 |   allAreasValue,
  10 | } from "@/lib/locations";
> 11 | import {
     | ^^^^^^^
> 12 |   sendApplicationEmail,
     | ^^^^^^^^^^^^^^^^^^^^^^^
> 13 |   sendApplicantConfirmationEmail,
     | ^^^^^^^^^^^^^^^^^^^^^^^^^^^^^^^^^
> 14 | } from "@/lib/email";
     | ^^^^^^^^^^^^^^^^^^^^^
  15 |
  16 | export type ApplicationInput = {
  17 |   business: string;

The export sendApplicantConfirmationEmail was not found in module [project]/src/lib/email.ts [app-rsc] (ecmascript).
Did you mean to import sendApplicationEmail?
All exports of the module are statically known (It doesn't have dynamic exports). So it's known statically that the requested export doesn't exist. @ http://localhost:3000/_next/static/chunks/node_modules_next_dist_1gdrd03._.js:1945
[ 2747545ms] [LOG] [Fast Refresh] rebuilding @ http://localhost:3000/_next/static/chunks/node_modules_next_dist_1gdrd03._.js:1226
[ 2793804ms] [LOG] [Fast Refresh] rebuilding @ http://localhost:3000/_next/static/chunks/node_modules_next_dist_1gdrd03._.js:1226
[ 2794010ms] [LOG] [Fast Refresh] done in 291ms @ http://localhost:3000/_next/static/chunks/node_modules_next_dist_1gdrd03._.js:1226
[ 2794510ms] [LOG] [Fast Refresh] rebuilding @ http://localhost:3000/_next/static/chunks/node_modules_next_dist_1gdrd03._.js:1226
[ 2794791ms] [LOG] [Fast Refresh] done in 383ms @ http://localhost:3000/_next/static/chunks/node_modules_next_dist_1gdrd03._.js:1226
[ 2795472ms] [INFO] %cDownload the React DevTools for a better development experience: https://react.dev/link/react-devtools font-weight:bold @ http://localhost:3000/_next/static/chunks/node_modules_next_dist_1ybzpk2._.js:2477
[ 2795551ms] [LOG] [HMR] connected @ http://localhost:3000/_next/static/chunks/node_modules_next_dist_1ybzpk2._.js:2477
[ 2795721ms] [LOG] [Fast Refresh] rebuilding @ http://localhost:3000/_next/static/chunks/node_modules_next_dist_1ybzpk2._.js:2477
[ 2795775ms] [LOG] [Fast Refresh] done in 155ms @ http://localhost:3000/_next/static/chunks/node_modules_next_dist_1ybzpk2._.js:2477
[ 2820626ms] [LOG] [Fast Refresh] rebuilding @ http://localhost:3000/_next/static/chunks/node_modules_next_dist_1ybzpk2._.js:2477
[ 2820926ms] [LOG] [Fast Refresh] done in 363ms @ http://localhost:3000/_next/static/chunks/node_modules_next_dist_1ybzpk2._.js:2477
[ 2830720ms] [LOG] [Fast Refresh] rebuilding @ http://localhost:3000/_next/static/chunks/node_modules_next_dist_1ybzpk2._.js:2477
[ 2830747ms] [LOG] [Fast Refresh] done in 90ms @ http://localhost:3000/_next/static/chunks/node_modules_next_dist_1ybzpk2._.js:2477
[ 2849275ms] [LOG] [Fast Refresh] rebuilding @ http://localhost:3000/_next/static/chunks/node_modules_next_dist_1ybzpk2._.js:2477
[ 2849383ms] [LOG] [Fast Refresh] done in 167ms @ http://localhost:3000/_next/static/chunks/node_modules_next_dist_1ybzpk2._.js:2477
[ 2951548ms] [LOG] [Fast Refresh] rebuilding @ http://localhost:3000/_next/static/chunks/node_modules_next_dist_1ybzpk2._.js:2477
[ 2951681ms] [LOG] [Fast Refresh] done in 236ms @ http://localhost:3000/_next/static/chunks/node_modules_next_dist_1ybzpk2._.js:2477
[ 2952202ms] [INFO] %cDownload the React DevTools for a better development experience: https://react.dev/link/react-devtools font-weight:bold @ http://localhost:3000/_next/static/chunks/node_modules_next_dist_1ybzpk2._.js:2477
[ 2952249ms] [LOG] [HMR] connected @ http://localhost:3000/_next/static/chunks/node_modules_next_dist_1ybzpk2._.js:2477
[ 2952326ms] [WARNING] You have Reduced Motion enabled on your device. Animations may not appear as expected.. For more information and steps for solving, visit https://motion.dev/troubleshooting/reduced-motion-disabled @ http://localhost:3000/_next/static/chunks/node_modules_next_dist_1ybzpk2._.js:2477
[ 2952445ms] [LOG] [Fast Refresh] rebuilding @ http://localhost:3000/_next/static/chunks/node_modules_next_dist_1ybzpk2._.js:2477
[ 2952593ms] [LOG] [Fast Refresh] done in 248ms @ http://localhost:3000/_next/static/chunks/node_modules_next_dist_1ybzpk2._.js:2477
[ 2988579ms] [LOG] [Fast Refresh] rebuilding @ http://localhost:3000/_next/static/chunks/node_modules_next_dist_1ybzpk2._.js:2477
[ 2989623ms] [LOG] [Fast Refresh] done in 1112ms @ http://localhost:3000/_next/static/chunks/node_modules_next_dist_1ybzpk2._.js:2477
[ 2989735ms] [LOG] [Fast Refresh] rebuilding @ http://localhost:3000/_next/static/chunks/node_modules_next_dist_1ybzpk2._.js:2477
[ 2990323ms] [LOG] [Fast Refresh] done in 687ms @ http://localhost:3000/_next/static/chunks/node_modules_next_dist_1ybzpk2._.js:2477
[ 3000018ms] [LOG] [Fast Refresh] rebuilding @ http://localhost:3000/_next/static/chunks/node_modules_next_dist_1ybzpk2._.js:2477
[ 3000286ms] [LOG] [Fast Refresh] done in 353ms @ http://localhost:3000/_next/static/chunks/node_modules_next_dist_1ybzpk2._.js:2477
[ 3000389ms] [LOG] [Fast Refresh] rebuilding @ http://localhost:3000/_next/static/chunks/node_modules_next_dist_1ybzpk2._.js:2477
[ 3000739ms] [LOG] [Fast Refresh] done in 451ms @ http://localhost:3000/_next/static/chunks/node_modules_next_dist_1ybzpk2._.js:2477
[ 3013213ms] [LOG] [Fast Refresh] rebuilding @ http://localhost:3000/_next/static/chunks/node_modules_next_dist_1ybzpk2._.js:2477
[ 3013723ms] [LOG] [Fast Refresh] done in 604ms @ http://localhost:3000/_next/static/chunks/node_modules_next_dist_1ybzpk2._.js:2477
[ 3023417ms] [LOG] [Fast Refresh] rebuilding @ http://localhost:3000/_next/static/chunks/node_modules_next_dist_1ybzpk2._.js:2477
[ 3023470ms] [LOG] [Fast Refresh] done in 115ms @ http://localhost:3000/_next/static/chunks/node_modules_next_dist_1ybzpk2._.js:2477
[ 3036978ms] [LOG] [Fast Refresh] rebuilding @ http://localhost:3000/_next/static/chunks/node_modules_next_dist_1ybzpk2._.js:2477
[ 3036996ms] [LOG] [Fast Refresh] done in 99ms @ http://localhost:3000/_next/static/chunks/node_modules_next_dist_1ybzpk2._.js:2477
[ 3045704ms] [LOG] [Fast Refresh] rebuilding @ http://localhost:3000/_next/static/chunks/node_modules_next_dist_1ybzpk2._.js:2477
[ 3045726ms] [LOG] [Fast Refresh] done in 93ms @ http://localhost:3000/_next/static/chunks/node_modules_next_dist_1ybzpk2._.js:2477
[ 3240460ms] [INFO] %cDownload the React DevTools for a better development experience: https://react.dev/link/react-devtools font-weight:bold @ http://localhost:3000/_next/static/chunks/node_modules_next_dist_1ybzpk2._.js:2477
[ 3240508ms] [LOG] [HMR] connected @ http://localhost:3000/_next/static/chunks/node_modules_next_dist_1ybzpk2._.js:2477
[ 3240549ms] [WARNING] You have Reduced Motion enabled on your device. Animations may not appear as expected.. For more information and steps for solving, visit https://motion.dev/troubleshooting/reduced-motion-disabled @ http://localhost:3000/_next/static/chunks/node_modules_next_dist_1ybzpk2._.js:2477
[ 3240654ms] [LOG] [Fast Refresh] rebuilding @ http://localhost:3000/_next/static/chunks/node_modules_next_dist_1ybzpk2._.js:2477
[ 3240779ms] [LOG] [Fast Refresh] done in 229ms @ http://localhost:3000/_next/static/chunks/node_modules_next_dist_1ybzpk2._.js:2477
[ 3307992ms] [LOG] [Fast Refresh] rebuilding @ http://localhost:3000/_next/static/chunks/node_modules_next_dist_1ybzpk2._.js:2477
[ 3308002ms] [LOG] [Fast Refresh] done in 117ms @ http://localhost:3000/_next/static/chunks/node_modules_next_dist_1ybzpk2._.js:2477
