[    1252ms] [INFO] %cDownload the React DevTools for a better development experience: https://react.dev/link/react-devtools font-weight:bold @ http://localhost:3000/_next/static/chunks/node_modules_next_dist_1ybzpk2._.js:2477
[    1298ms] [LOG] [HMR] connected @ http://localhost:3000/_next/static/chunks/node_modules_next_dist_1ybzpk2._.js:2477
[    1439ms] [LOG] [Fast Refresh] rebuilding @ http://localhost:3000/_next/static/chunks/node_modules_next_dist_1ybzpk2._.js:2477
[    1654ms] [LOG] [Fast Refresh] done in 321ms @ http://localhost:3000/_next/static/chunks/node_modules_next_dist_1ybzpk2._.js:2477
[   61786ms] [LOG] [Fast Refresh] rebuilding @ http://localhost:3000/_next/static/chunks/node_modules_next_dist_1ybzpk2._.js:2477
[   61873ms] [LOG] [Fast Refresh] done in 189ms @ http://localhost:3000/_next/static/chunks/node_modules_next_dist_1ybzpk2._.js:2477
[  212390ms] [LOG] [Fast Refresh] rebuilding @ http://localhost:3000/_next/static/chunks/node_modules_next_dist_1ybzpk2._.js:2477
[  212552ms] [LOG] [Fast Refresh] done in 264ms @ http://localhost:3000/_next/static/chunks/node_modules_next_dist_1ybzpk2._.js:2477
[  233924ms] [ERROR] WebSocket connection to 'ws://localhost:3000/_next/webpack-hmr?id=JqonVWdKKrofpcSp4wlWx' failed: Error in connection establishment: net::ERR_CONNECTION_REFUSED @ http://localhost:3000/_next/static/chunks/node_modules_next_dist_client_0r5nbpw._.js:13422
[  234929ms] [ERROR] WebSocket connection to 'ws://localhost:3000/_next/webpack-hmr?id=JqonVWdKKrofpcSp4wlWx' failed: Error in connection establishment: net::ERR_CONNECTION_REFUSED @ http://localhost:3000/_next/static/chunks/node_modules_next_dist_client_0r5nbpw._.js:13422
[  235931ms] [ERROR] WebSocket connection to 'ws://localhost:3000/_next/webpack-hmr?id=JqonVWdKKrofpcSp4wlWx' failed: Error in connection establishment: net::ERR_CONNECTION_REFUSED @ http://localhost:3000/_next/static/chunks/node_modules_next_dist_client_0r5nbpw._.js:13422
[  236934ms] [ERROR] WebSocket connection to 'ws://localhost:3000/_next/webpack-hmr?id=JqonVWdKKrofpcSp4wlWx' failed: Error in connection establishment: net::ERR_CONNECTION_REFUSED @ http://localhost:3000/_next/static/chunks/node_modules_next_dist_client_0r5nbpw._.js:13422
[  237938ms] [ERROR] WebSocket connection to 'ws://localhost:3000/_next/webpack-hmr?id=JqonVWdKKrofpcSp4wlWx' failed: Error in connection establishment: net::ERR_CONNECTION_REFUSED @ http://localhost:3000/_next/static/chunks/node_modules_next_dist_client_0r5nbpw._.js:13422
[  242943ms] [ERROR] WebSocket connection to 'ws://localhost:3000/_next/webpack-hmr?id=JqonVWdKKrofpcSp4wlWx' failed: Error in connection establishment: net::ERR_CONNECTION_REFUSED @ http://localhost:3000/_next/static/chunks/node_modules_next_dist_client_0r5nbpw._.js:13422
[  247949ms] [ERROR] WebSocket connection to 'ws://localhost:3000/_next/webpack-hmr?id=JqonVWdKKrofpcSp4wlWx' failed: Error in connection establishment: net::ERR_CONNECTION_REFUSED @ http://localhost:3000/_next/static/chunks/node_modules_next_dist_client_0r5nbpw._.js:13422
[  252952ms] [ERROR] WebSocket connection to 'ws://localhost:3000/_next/webpack-hmr?id=JqonVWdKKrofpcSp4wlWx' failed: Error in connection establishment: net::ERR_CONNECTION_REFUSED @ http://localhost:3000/_next/static/chunks/node_modules_next_dist_client_0r5nbpw._.js:13422
[  257956ms] [ERROR] WebSocket connection to 'ws://localhost:3000/_next/webpack-hmr?id=JqonVWdKKrofpcSp4wlWx' failed: Error in connection establishment: net::ERR_CONNECTION_REFUSED @ http://localhost:3000/_next/static/chunks/node_modules_next_dist_client_0r5nbpw._.js:13422
[  262961ms] [ERROR] WebSocket connection to 'ws://localhost:3000/_next/webpack-hmr?id=JqonVWdKKrofpcSp4wlWx' failed: Error in connection establishment: net::ERR_CONNECTION_REFUSED @ http://localhost:3000/_next/static/chunks/node_modules_next_dist_client_0r5nbpw._.js:13422
[  267973ms] [ERROR] WebSocket connection to 'ws://localhost:3000/_next/webpack-hmr?id=JqonVWdKKrofpcSp4wlWx' failed: Error in connection establishment: net::ERR_CONNECTION_REFUSED @ http://localhost:3000/_next/static/chunks/node_modules_next_dist_client_0r5nbpw._.js:13422
[  272990ms] [ERROR] WebSocket connection to 'ws://localhost:3000/_next/webpack-hmr?id=JqonVWdKKrofpcSp4wlWx' failed: Error in connection establishment: net::ERR_CONNECTION_REFUSED @ http://localhost:3000/_next/static/chunks/node_modules_next_dist_client_0r5nbpw._.js:13422
